2025-03-28 00:00:19,324 - INFO - Acionar Saida 23
2025-03-28 00:00:19,324 - ERROR - Erro ao acionar saída 23 : type object 'MagicMock' has no attribute 'output'
2025-03-28 00:00:20,295 - DEBUG - STREAM b'IHDR' 16 13
2025-03-28 00:00:20,295 - DEBUG - STREAM b'pHYs' 41 9
2025-03-28 00:00:20,295 - DEBUG - STREAM b'sRGB' 62 1
2025-03-28 00:00:20,295 - DEBUG - STREAM b'gAMA' 75 4
2025-03-28 00:00:20,295 - DEBUG - STREAM b'IDAT' 91 2264
2025-03-28 00:00:20,297 - DEBUG - STREAM b'IHDR' 16 13
2025-03-28 00:00:20,298 - DEBUG - STREAM b'pHYs' 41 9
2025-03-28 00:00:20,298 - DEBUG - STREAM b'sRGB' 62 1
2025-03-28 00:00:20,298 - DEBUG - STREAM b'gAMA' 75 4
2025-03-28 00:00:20,298 - DEBUG - STREAM b'IDAT' 91 404
2025-03-28 00:00:20,300 - DEBUG - STREAM b'IHDR' 16 13
2025-03-28 00:00:20,300 - DEBUG - STREAM b'pHYs' 41 9
2025-03-28 00:00:20,300 - DEBUG - STREAM b'sRGB' 62 1
2025-03-28 00:00:20,300 - DEBUG - STREAM b'gAMA' 75 4
2025-03-28 00:00:20,301 - DEBUG - STREAM b'IDAT' 91 171329
2025-03-28 00:00:20,328 - DEBUG - STREAM b'IHDR' 16 13
2025-03-28 00:00:20,328 - DEBUG - STREAM b'pHYs' 41 9
2025-03-28 00:00:20,328 - DEBUG - STREAM b'sRGB' 62 1
2025-03-28 00:00:20,328 - DEBUG - STREAM b'gAMA' 75 4
2025-03-28 00:00:20,328 - DEBUG - STREAM b'IDAT' 91 172
2025-03-28 00:00:21,234 - DEBUG - STREAM b'IHDR' 16 13
2025-03-28 00:00:21,234 - DEBUG - STREAM b'pHYs' 41 9
2025-03-28 00:00:21,234 - DEBUG - STREAM b'sRGB' 62 1
2025-03-28 00:00:21,234 - DEBUG - STREAM b'gAMA' 75 4
2025-03-28 00:00:21,234 - DEBUG - STREAM b'IDAT' 91 2264
2025-03-28 00:00:21,236 - DEBUG - STREAM b'IHDR' 16 13
2025-03-28 00:00:21,236 - DEBUG - STREAM b'pHYs' 41 9
2025-03-28 00:00:21,236 - DEBUG - STREAM b'sRGB' 62 1
2025-03-28 00:00:21,236 - DEBUG - STREAM b'gAMA' 75 4
2025-03-28 00:00:21,236 - DEBUG - STREAM b'IDAT' 91 404
2025-03-28 00:00:21,238 - DEBUG - STREAM b'IHDR' 16 13
2025-03-28 00:00:21,238 - DEBUG - STREAM b'pHYs' 41 9
2025-03-28 00:00:21,238 - DEBUG - STREAM b'sRGB' 62 1
2025-03-28 00:00:21,238 - DEBUG - STREAM b'gAMA' 75 4
2025-03-28 00:00:21,238 - DEBUG - STREAM b'IDAT' 91 171329
2025-03-28 00:00:26,414 - INFO - Acionar Saida 24
2025-03-28 00:00:26,415 - ERROR - Erro ao acionar saída 24 : type object 'MagicMock' has no attribute 'output'
2025-03-28 00:00:31,439 - DEBUG - STREAM b'IHDR' 16 13
2025-03-28 00:00:31,439 - DEBUG - STREAM b'pHYs' 41 9
2025-03-28 00:00:31,439 - DEBUG - STREAM b'sRGB' 62 1
2025-03-28 00:00:31,439 - DEBUG - STREAM b'gAMA' 75 4
2025-03-28 00:00:31,439 - DEBUG - STREAM b'IDAT' 91 2264
2025-03-28 00:00:31,440 - DEBUG - STREAM b'IHDR' 16 13
2025-03-28 00:00:31,440 - DEBUG - STREAM b'pHYs' 41 9
2025-03-28 00:00:31,440 - DEBUG - STREAM b'sRGB' 62 1
2025-03-28 00:00:31,440 - DEBUG - STREAM b'gAMA' 75 4
2025-03-28 00:00:31,440 - DEBUG - STREAM b'IDAT' 91 404
2025-03-28 00:00:31,441 - DEBUG - STREAM b'IHDR' 16 13
2025-03-28 00:00:31,441 - DEBUG - STREAM b'pHYs' 41 9
2025-03-28 00:00:31,441 - DEBUG - STREAM b'sRGB' 62 1
2025-03-28 00:00:31,441 - DEBUG - STREAM b'gAMA' 75 4
2025-03-28 00:00:31,442 - DEBUG - STREAM b'IDAT' 91 171329
2025-03-28 00:00:31,455 - DEBUG - STREAM b'IHDR' 16 13
2025-03-28 00:00:31,455 - DEBUG - STREAM b'pHYs' 41 9
2025-03-28 00:00:31,455 - DEBUG - STREAM b'sRGB' 62 1
2025-03-28 00:00:31,455 - DEBUG - STREAM b'gAMA' 75 4
2025-03-28 00:00:31,455 - DEBUG - STREAM b'IDAT' 91 172
2025-03-28 00:00:31,460 - DEBUG - STREAM b'IHDR' 16 13
2025-03-28 00:00:31,460 - DEBUG - STREAM b'pHYs' 41 9
2025-03-28 00:00:31,461 - DEBUG - STREAM b'sRGB' 62 1
2025-03-28 00:00:31,461 - DEBUG - STREAM b'gAMA' 75 4
2025-03-28 00:00:31,461 - DEBUG - STREAM b'IDAT' 91 2264
2025-03-28 00:00:31,461 - DEBUG - STREAM b'IHDR' 16 13
2025-03-28 00:00:31,461 - DEBUG - STREAM b'pHYs' 41 9
2025-03-28 00:00:31,461 - DEBUG - STREAM b'sRGB' 62 1
2025-03-28 00:00:31,461 - DEBUG - STREAM b'gAMA' 75 4
2025-03-28 00:00:31,461 - DEBUG - STREAM b'IDAT' 91 404
2025-03-28 00:00:31,463 - DEBUG - STREAM b'IHDR' 16 13
2025-03-28 00:00:31,463 - DEBUG - STREAM b'pHYs' 41 9
2025-03-28 00:00:31,463 - DEBUG - STREAM b'sRGB' 62 1
2025-03-28 00:00:31,463 - DEBUG - STREAM b'gAMA' 75 4
2025-03-28 00:00:31,463 - DEBUG - STREAM b'IDAT' 91 282763
2025-03-28 15:01:07,677 - INFO - Acionar Saida 23
2025-03-28 15:01:07,679 - ERROR - Erro ao acionar saída 23 : type object 'MagicMock' has no attribute 'output'
2025-03-28 15:01:08,645 - DEBUG - STREAM b'IHDR' 16 13
2025-03-28 15:01:08,645 - DEBUG - STREAM b'pHYs' 41 9
2025-03-28 15:01:08,646 - DEBUG - STREAM b'sRGB' 62 1
2025-03-28 15:01:08,646 - DEBUG - STREAM b'gAMA' 75 4
2025-03-28 15:01:08,646 - DEBUG - STREAM b'IDAT' 91 2264
2025-03-28 15:01:08,646 - DEBUG - STREAM b'IHDR' 16 13
2025-03-28 15:01:08,646 - DEBUG - STREAM b'pHYs' 41 9
2025-03-28 15:01:08,646 - DEBUG - STREAM b'sRGB' 62 1
2025-03-28 15:01:08,646 - DEBUG - STREAM b'gAMA' 75 4
2025-03-28 15:01:08,646 - DEBUG - STREAM b'IDAT' 91 404
2025-03-28 15:01:08,647 - DEBUG - STREAM b'IHDR' 16 13
2025-03-28 15:01:08,647 - DEBUG - STREAM b'pHYs' 41 9
2025-03-28 15:01:08,647 - DEBUG - STREAM b'sRGB' 62 1
2025-03-28 15:01:08,647 - DEBUG - STREAM b'gAMA' 75 4
2025-03-28 15:01:08,648 - DEBUG - STREAM b'IDAT' 91 171329
2025-03-28 15:01:08,664 - DEBUG - STREAM b'IHDR' 16 13
2025-03-28 15:01:08,664 - DEBUG - STREAM b'pHYs' 41 9
2025-03-28 15:01:08,664 - DEBUG - STREAM b'sRGB' 62 1
2025-03-28 15:01:08,664 - DEBUG - STREAM b'gAMA' 75 4
2025-03-28 15:01:08,664 - DEBUG - STREAM b'IDAT' 91 172
2025-03-28 15:01:09,679 - DEBUG - STREAM b'IHDR' 16 13
2025-03-28 15:01:09,680 - DEBUG - STREAM b'pHYs' 41 9
2025-03-28 15:01:09,680 - DEBUG - STREAM b'sRGB' 62 1
2025-03-28 15:01:09,680 - DEBUG - STREAM b'gAMA' 75 4
2025-03-28 15:01:09,680 - DEBUG - STREAM b'IDAT' 91 2264
2025-03-28 15:01:09,682 - DEBUG - STREAM b'IHDR' 16 13
2025-03-28 15:01:09,682 - DEBUG - STREAM b'pHYs' 41 9
2025-03-28 15:01:09,682 - DEBUG - STREAM b'sRGB' 62 1
2025-03-28 15:01:09,682 - DEBUG - STREAM b'gAMA' 75 4
2025-03-28 15:01:09,682 - DEBUG - STREAM b'IDAT' 91 404
2025-03-28 15:01:09,685 - DEBUG - STREAM b'IHDR' 16 13
2025-03-28 15:01:09,685 - DEBUG - STREAM b'pHYs' 41 9
2025-03-28 15:01:09,685 - DEBUG - STREAM b'sRGB' 62 1
2025-03-28 15:01:09,685 - DEBUG - STREAM b'gAMA' 75 4
2025-03-28 15:01:09,685 - DEBUG - STREAM b'IDAT' 91 171329
2025-03-28 15:01:09,706 - DEBUG - STREAM b'IHDR' 16 13
2025-03-28 15:01:09,707 - DEBUG - STREAM b'pHYs' 41 9
2025-03-28 15:01:09,707 - DEBUG - STREAM b'sRGB' 62 1
2025-03-28 15:01:09,707 - DEBUG - STREAM b'gAMA' 75 4
2025-03-28 15:01:09,707 - DEBUG - STREAM b'IDAT' 91 172
2025-03-28 15:01:10,076 - DEBUG - STREAM b'IHDR' 16 13
2025-03-28 15:01:10,076 - DEBUG - STREAM b'pHYs' 41 9
2025-03-28 15:01:10,076 - DEBUG - STREAM b'sRGB' 62 1
2025-03-28 15:01:10,076 - DEBUG - STREAM b'gAMA' 75 4
2025-03-28 15:01:10,076 - DEBUG - STREAM b'IDAT' 91 2264
2025-03-28 15:01:10,077 - DEBUG - STREAM b'IHDR' 16 13
2025-03-28 15:01:10,077 - DEBUG - STREAM b'pHYs' 41 9
2025-03-28 15:01:10,077 - DEBUG - STREAM b'sRGB' 62 1
2025-03-28 15:01:10,077 - DEBUG - STREAM b'gAMA' 75 4
2025-03-28 15:01:10,077 - DEBUG - STREAM b'IDAT' 91 404
2025-03-28 15:01:10,077 - DEBUG - STREAM b'IHDR' 16 13
2025-03-28 15:01:10,077 - DEBUG - STREAM b'pHYs' 41 9
2025-03-28 15:01:10,077 - DEBUG - STREAM b'sRGB' 62 1
2025-03-28 15:01:10,077 - DEBUG - STREAM b'gAMA' 75 4
2025-03-28 15:01:10,077 - DEBUG - STREAM b'IDAT' 91 171329
2025-03-28 15:01:15,245 - INFO - Acionar Saida 24
2025-03-28 15:01:15,245 - ERROR - Erro ao acionar saída 24 : type object 'MagicMock' has no attribute 'output'
2025-03-28 15:01:20,249 - DEBUG - STREAM b'IHDR' 16 13
2025-03-28 15:01:20,249 - DEBUG - STREAM b'pHYs' 41 9
2025-03-28 15:01:20,250 - DEBUG - STREAM b'sRGB' 62 1
2025-03-28 15:01:20,250 - DEBUG - STREAM b'gAMA' 75 4
2025-03-28 15:01:20,250 - DEBUG - STREAM b'IDAT' 91 2264
2025-03-28 15:01:20,250 - DEBUG - STREAM b'IHDR' 16 13
2025-03-28 15:01:20,250 - DEBUG - STREAM b'pHYs' 41 9
2025-03-28 15:01:20,250 - DEBUG - STREAM b'sRGB' 62 1
2025-03-28 15:01:20,250 - DEBUG - STREAM b'gAMA' 75 4
2025-03-28 15:01:20,251 - DEBUG - STREAM b'IDAT' 91 404
2025-03-28 15:01:20,252 - DEBUG - STREAM b'IHDR' 16 13
2025-03-28 15:01:20,252 - DEBUG - STREAM b'pHYs' 41 9
2025-03-28 15:01:20,252 - DEBUG - STREAM b'sRGB' 62 1
2025-03-28 15:01:20,252 - DEBUG - STREAM b'gAMA' 75 4
2025-03-28 15:01:20,252 - DEBUG - STREAM b'IDAT' 91 171329
2025-03-28 15:01:20,268 - DEBUG - STREAM b'IHDR' 16 13
2025-03-28 15:01:20,268 - DEBUG - STREAM b'pHYs' 41 9
2025-03-28 15:01:20,268 - DEBUG - STREAM b'sRGB' 62 1
2025-03-28 15:01:20,268 - DEBUG - STREAM b'gAMA' 75 4
2025-03-28 15:01:20,268 - DEBUG - STREAM b'IDAT' 91 172
2025-03-28 15:01:20,272 - DEBUG - STREAM b'IHDR' 16 13
2025-03-28 15:01:20,272 - DEBUG - STREAM b'pHYs' 41 9
2025-03-28 15:01:20,272 - DEBUG - STREAM b'sRGB' 62 1
2025-03-28 15:01:20,273 - DEBUG - STREAM b'gAMA' 75 4
2025-03-28 15:01:20,273 - DEBUG - STREAM b'IDAT' 91 2264
2025-03-28 15:01:20,273 - DEBUG - STREAM b'IHDR' 16 13
2025-03-28 15:01:20,273 - DEBUG - STREAM b'pHYs' 41 9
2025-03-28 15:01:20,273 - DEBUG - STREAM b'sRGB' 62 1
2025-03-28 15:01:20,273 - DEBUG - STREAM b'gAMA' 75 4
2025-03-28 15:01:20,273 - DEBUG - STREAM b'IDAT' 91 404
2025-03-28 15:01:20,274 - DEBUG - STREAM b'IHDR' 16 13
2025-03-28 15:01:20,274 - DEBUG - STREAM b'pHYs' 41 9
2025-03-28 15:01:20,274 - DEBUG - STREAM b'sRGB' 62 1
2025-03-28 15:01:20,274 - DEBUG - STREAM b'gAMA' 75 4
2025-03-28 15:01:20,274 - DEBUG - STREAM b'IDAT' 91 282763
2025-03-28 15:21:17,164 - INFO - Acionar Saida 12
2025-03-28 15:21:17,164 - ERROR - Erro ao acionar saída 12 : type object 'MagicMock' has no attribute 'output'
2025-03-28 15:21:31,990 - INFO - Acionar Saida 23
2025-03-28 15:21:31,991 - ERROR - Erro ao acionar saída 23 : type object 'MagicMock' has no attribute 'output'
2025-03-28 15:21:38,570 - INFO - Acionar Saida 12
2025-03-28 15:21:38,570 - ERROR - Erro ao acionar saída 12 : type object 'MagicMock' has no attribute 'output'
2025-03-28 15:21:53,226 - INFO - Acionar Saida 23
2025-03-28 15:21:53,227 - ERROR - Erro ao acionar saída 23 : type object 'MagicMock' has no attribute 'output'
2025-03-28 15:44:04,377 - INFO - Acionar Saida 24
2025-03-28 15:44:04,379 - ERROR - Erro ao acionar saída 24 : type object 'MagicMock' has no attribute 'output'
2025-03-28 15:44:14,383 - DEBUG - STREAM b'IHDR' 16 13
2025-03-28 15:44:14,384 - DEBUG - STREAM b'pHYs' 41 9
2025-03-28 15:44:14,384 - DEBUG - STREAM b'sRGB' 62 1
2025-03-28 15:44:14,384 - DEBUG - STREAM b'gAMA' 75 4
2025-03-28 15:44:14,384 - DEBUG - STREAM b'IDAT' 91 2264
2025-03-28 15:44:14,405 - DEBUG - STREAM b'IHDR' 16 13
2025-03-28 15:44:14,405 - DEBUG - STREAM b'pHYs' 41 9
2025-03-28 15:44:14,405 - DEBUG - STREAM b'sRGB' 62 1
2025-03-28 15:44:14,405 - DEBUG - STREAM b'gAMA' 75 4
2025-03-28 15:44:14,405 - DEBUG - STREAM b'IDAT' 91 404
2025-03-28 15:45:00,214 - DEBUG - Starting new HTTPS connection (1): api.popgas.com.br:443
2025-03-28 15:45:00,500 - DEBUG - https://api.popgas.com.br:443 "GET /vending-machine-orders/2/prices HTTP/1.1" 200 114
2025-03-28 15:45:00,506 - DEBUG - STREAM b'IHDR' 16 13
2025-03-28 15:45:00,506 - DEBUG - STREAM b'pHYs' 41 9
2025-03-28 15:45:00,506 - DEBUG - STREAM b'sRGB' 62 1
2025-03-28 15:45:00,506 - DEBUG - STREAM b'gAMA' 75 4
2025-03-28 15:45:00,506 - DEBUG - STREAM b'IDAT' 91 307
2025-03-28 15:45:00,509 - DEBUG - STREAM b'IHDR' 16 13
2025-03-28 15:45:00,509 - DEBUG - STREAM b'pHYs' 41 9
2025-03-28 15:45:00,509 - DEBUG - STREAM b'sRGB' 62 1
2025-03-28 15:45:00,509 - DEBUG - STREAM b'gAMA' 75 4
2025-03-28 15:45:00,509 - DEBUG - STREAM b'IDAT' 91 2264
2025-03-28 15:45:00,511 - DEBUG - STREAM b'IHDR' 16 13
2025-03-28 15:45:00,511 - DEBUG - STREAM b'pHYs' 41 9
2025-03-28 15:45:00,511 - DEBUG - STREAM b'sRGB' 62 1
2025-03-28 15:45:00,511 - DEBUG - STREAM b'gAMA' 75 4
2025-03-28 15:45:00,511 - DEBUG - STREAM b'IDAT' 91 404
2025-03-28 15:45:01,248 - DEBUG - STREAM b'IHDR' 16 13
2025-03-28 15:45:01,248 - DEBUG - STREAM b'pHYs' 41 9
2025-03-28 15:45:01,248 - DEBUG - STREAM b'sRGB' 62 1
2025-03-28 15:45:01,248 - DEBUG - STREAM b'gAMA' 75 4
2025-03-28 15:45:01,248 - DEBUG - STREAM b'IDAT' 91 2264
2025-03-28 15:45:01,250 - DEBUG - STREAM b'IHDR' 16 13
2025-03-28 15:45:01,250 - DEBUG - STREAM b'pHYs' 41 9
2025-03-28 15:45:01,250 - DEBUG - STREAM b'sRGB' 62 1
2025-03-28 15:45:01,250 - DEBUG - STREAM b'gAMA' 75 4
2025-03-28 15:45:01,250 - DEBUG - STREAM b'IDAT' 91 404
2025-03-28 15:45:01,253 - DEBUG - STREAM b'IHDR' 16 13
2025-03-28 15:45:01,254 - DEBUG - STREAM b'pHYs' 41 9
2025-03-28 15:45:01,254 - DEBUG - STREAM b'sRGB' 62 1
2025-03-28 15:45:01,254 - DEBUG - STREAM b'gAMA' 75 4
2025-03-28 15:45:01,254 - DEBUG - STREAM b'IDAT' 91 171329
2025-03-28 15:45:01,284 - DEBUG - STREAM b'IHDR' 16 13
2025-03-28 15:45:01,284 - DEBUG - STREAM b'pHYs' 41 9
2025-03-28 15:45:01,284 - DEBUG - STREAM b'sRGB' 62 1
2025-03-28 15:45:01,284 - DEBUG - STREAM b'gAMA' 75 4
2025-03-28 15:45:01,284 - DEBUG - STREAM b'IDAT' 91 172
2025-03-28 15:45:01,285 - INFO - Acionar Saida 23
2025-03-28 15:45:01,285 - ERROR - Erro ao acionar saída 23 : type object 'MagicMock' has no attribute 'output'
2025-03-28 15:45:01,796 - DEBUG - STREAM b'IHDR' 16 13
2025-03-28 15:45:01,796 - DEBUG - STREAM b'pHYs' 41 9
2025-03-28 15:45:01,796 - DEBUG - STREAM b'sRGB' 62 1
2025-03-28 15:45:01,796 - DEBUG - STREAM b'gAMA' 75 4
2025-03-28 15:45:01,796 - DEBUG - STREAM b'IDAT' 91 2264
2025-03-28 15:45:01,797 - DEBUG - STREAM b'IHDR' 16 13
2025-03-28 15:45:01,798 - DEBUG - STREAM b'pHYs' 41 9
2025-03-28 15:45:01,798 - DEBUG - STREAM b'sRGB' 62 1
2025-03-28 15:45:01,798 - DEBUG - STREAM b'gAMA' 75 4
2025-03-28 15:45:01,798 - DEBUG - STREAM b'IDAT' 91 404
2025-03-28 15:45:01,799 - DEBUG - STREAM b'IHDR' 16 13
2025-03-28 15:45:01,799 - DEBUG - STREAM b'pHYs' 41 9
2025-03-28 15:45:01,799 - DEBUG - STREAM b'sRGB' 62 1
2025-03-28 15:45:01,799 - DEBUG - STREAM b'gAMA' 75 4
2025-03-28 15:45:01,799 - DEBUG - STREAM b'IDAT' 91 171329
2025-03-28 15:45:06,974 - INFO - Acionar Saida 24
2025-03-28 15:45:06,975 - ERROR - Erro ao acionar saída 24 : type object 'MagicMock' has no attribute 'output'
2025-03-28 15:45:11,988 - DEBUG - STREAM b'IHDR' 16 13
2025-03-28 15:45:11,988 - DEBUG - STREAM b'pHYs' 41 9
2025-03-28 15:45:11,988 - DEBUG - STREAM b'sRGB' 62 1
2025-03-28 15:45:11,988 - DEBUG - STREAM b'gAMA' 75 4
2025-03-28 15:45:11,988 - DEBUG - STREAM b'IDAT' 91 2264
2025-03-28 15:45:11,989 - DEBUG - STREAM b'IHDR' 16 13
2025-03-28 15:45:11,989 - DEBUG - STREAM b'pHYs' 41 9
2025-03-28 15:45:11,989 - DEBUG - STREAM b'sRGB' 62 1
2025-03-28 15:45:11,989 - DEBUG - STREAM b'gAMA' 75 4
2025-03-28 15:45:11,989 - DEBUG - STREAM b'IDAT' 91 404
2025-03-28 15:45:11,990 - DEBUG - STREAM b'IHDR' 16 13
2025-03-28 15:45:11,990 - DEBUG - STREAM b'pHYs' 41 9
2025-03-28 15:45:11,990 - DEBUG - STREAM b'sRGB' 62 1
2025-03-28 15:45:11,990 - DEBUG - STREAM b'gAMA' 75 4
2025-03-28 15:45:11,990 - DEBUG - STREAM b'IDAT' 91 171329
2025-03-28 15:45:12,008 - DEBUG - STREAM b'IHDR' 16 13
2025-03-28 15:45:12,008 - DEBUG - STREAM b'pHYs' 41 9
2025-03-28 15:45:12,008 - DEBUG - STREAM b'sRGB' 62 1
2025-03-28 15:45:12,008 - DEBUG - STREAM b'gAMA' 75 4
2025-03-28 15:45:12,008 - DEBUG - STREAM b'IDAT' 91 172
2025-03-28 15:45:12,016 - DEBUG - STREAM b'IHDR' 16 13
2025-03-28 15:45:12,016 - DEBUG - STREAM b'pHYs' 41 9
2025-03-28 15:45:12,016 - DEBUG - STREAM b'sRGB' 62 1
2025-03-28 15:45:12,016 - DEBUG - STREAM b'gAMA' 75 4
2025-03-28 15:45:12,016 - DEBUG - STREAM b'IDAT' 91 2264
2025-03-28 15:45:12,016 - DEBUG - STREAM b'IHDR' 16 13
2025-03-28 15:45:12,016 - DEBUG - STREAM b'pHYs' 41 9
2025-03-28 15:45:12,016 - DEBUG - STREAM b'sRGB' 62 1
2025-03-28 15:45:12,016 - DEBUG - STREAM b'gAMA' 75 4
2025-03-28 15:45:12,016 - DEBUG - STREAM b'IDAT' 91 404
2025-03-28 15:45:12,018 - DEBUG - STREAM b'IHDR' 16 13
2025-03-28 15:45:12,018 - DEBUG - STREAM b'pHYs' 41 9
2025-03-28 15:45:12,018 - DEBUG - STREAM b'sRGB' 62 1
2025-03-28 15:45:12,018 - DEBUG - STREAM b'gAMA' 75 4
2025-03-28 15:45:12,018 - DEBUG - STREAM b'IDAT' 91 282763
2025-03-28 15:45:16,085 - DEBUG - STREAM b'IHDR' 16 13
2025-03-28 15:45:16,085 - DEBUG - STREAM b'pHYs' 41 9
2025-03-28 15:45:16,085 - DEBUG - STREAM b'sRGB' 62 1
2025-03-28 15:45:16,086 - DEBUG - STREAM b'gAMA' 75 4
2025-03-28 15:45:16,086 - DEBUG - STREAM b'IDAT' 91 2264
2025-03-28 15:45:16,086 - DEBUG - STREAM b'IHDR' 16 13
2025-03-28 15:45:16,086 - DEBUG - STREAM b'pHYs' 41 9
2025-03-28 15:45:16,086 - DEBUG - STREAM b'sRGB' 62 1
2025-03-28 15:45:16,086 - DEBUG - STREAM b'gAMA' 75 4
2025-03-28 15:45:16,086 - DEBUG - STREAM b'IDAT' 91 404
2025-03-28 15:45:16,087 - DEBUG - STREAM b'IHDR' 16 13
2025-03-28 15:45:16,087 - DEBUG - STREAM b'pHYs' 41 9
2025-03-28 15:45:16,087 - DEBUG - STREAM b'sRGB' 62 1
2025-03-28 15:45:16,088 - DEBUG - STREAM b'gAMA' 75 4
2025-03-28 15:45:16,088 - DEBUG - STREAM b'IDAT' 91 536
2025-03-28 15:45:16,088 - DEBUG - STREAM b'IHDR' 16 13
2025-03-28 15:45:16,088 - DEBUG - STREAM b'pHYs' 41 9
2025-03-28 15:45:16,088 - DEBUG - STREAM b'sRGB' 62 1
2025-03-28 15:45:16,088 - DEBUG - STREAM b'gAMA' 75 4
2025-03-28 15:45:16,088 - DEBUG - STREAM b'IDAT' 91 536
2025-03-28 15:45:16,089 - DEBUG - STREAM b'IHDR' 16 13
2025-03-28 15:45:16,089 - DEBUG - STREAM b'pHYs' 41 9
2025-03-28 15:45:16,089 - DEBUG - STREAM b'sRGB' 62 1
2025-03-28 15:45:16,089 - DEBUG - STREAM b'gAMA' 75 4
2025-03-28 15:45:16,089 - DEBUG - STREAM b'IDAT' 91 1893
2025-03-28 15:45:36,170 - DEBUG - STREAM b'IHDR' 16 13
2025-03-28 15:45:36,170 - DEBUG - STREAM b'pHYs' 41 9
2025-03-28 15:45:36,170 - DEBUG - STREAM b'sRGB' 62 1
2025-03-28 15:45:36,170 - DEBUG - STREAM b'gAMA' 75 4
2025-03-28 15:45:36,170 - DEBUG - STREAM b'IDAT' 91 2264
2025-03-28 15:45:36,171 - DEBUG - STREAM b'IHDR' 16 13
2025-03-28 15:45:36,171 - DEBUG - STREAM b'pHYs' 41 9
2025-03-28 15:45:36,171 - DEBUG - STREAM b'sRGB' 62 1
2025-03-28 15:45:36,171 - DEBUG - STREAM b'gAMA' 75 4
2025-03-28 15:45:36,171 - DEBUG - STREAM b'IDAT' 91 404
2025-03-28 15:45:36,173 - DEBUG - STREAM b'IHDR' 16 13
2025-03-28 15:45:36,173 - DEBUG - STREAM b'pHYs' 41 9
2025-03-28 15:45:36,173 - DEBUG - STREAM b'sRGB' 62 1
2025-03-28 15:45:36,173 - DEBUG - STREAM b'gAMA' 75 4
2025-03-28 15:45:36,173 - DEBUG - STREAM b'IDAT' 91 282763
