2025-03-21 15:41:06,150 - INFO - [31m[1mWARNING: This is a development server. Do not use it in a production deployment. Use a production WSGI server instead.[0m
 * Running on http://127.0.0.1:5000
2025-03-21 15:41:06,150 - INFO - [33mPress CTRL+C to quit[0m
2025-03-21 15:41:06,336 - INFO - Class Camera Iniciada
2025-03-21 15:41:06,336 - INFO - Camera - Load Fixed Images
2025-03-21 15:41:06,336 - ERROR - Pasta 'Fotos_PB' não encontrada.
2025-03-21 15:41:06,336 - INFO - Camera - Initialize Camera
2025-03-21 15:41:06,336 - INFO - 
Reseta cameras
2025-03-21 15:41:06,336 - INFO - inicializa camera 0 

2025-03-21 15:41:21,542 - INFO - 127.0.0.1 - - [21/Mar/2025 15:41:21] "GET /capture HTTP/1.1" 200 -
2025-03-21 16:18:01,717 - INFO - [31m[1mWARNING: This is a development server. Do not use it in a production deployment. Use a production WSGI server instead.[0m
 * Running on http://127.0.0.1:5000
2025-03-21 16:18:01,718 - INFO - [33mPress CTRL+C to quit[0m
2025-03-21 16:18:01,881 - INFO - Class Camera Iniciada
2025-03-21 16:18:01,881 - INFO - Camera - Load Fixed Images
2025-03-21 16:18:01,881 - ERROR - Pasta 'Fotos_PB' não encontrada.
2025-03-21 16:18:01,881 - INFO - Camera - Initialize Camera
2025-03-21 16:18:01,881 - INFO - 
Reseta cameras
2025-03-21 16:18:01,881 - INFO - inicializa camera 0 

