2025-03-30 12:47:16,858 - INFO - Acionar Saida 8
2025-03-30 12:47:19,635 - DEBUG - STREAM b'IHDR' 16 13
2025-03-30 12:47:19,635 - DEBUG - STREAM b'pHYs' 41 9
2025-03-30 12:47:19,635 - DEBUG - STREAM b'sRGB' 62 1
2025-03-30 12:47:19,636 - DEBUG - STREAM b'gAMA' 75 4
2025-03-30 12:47:19,636 - DEBUG - STREAM b'IDAT' 91 2264
2025-03-30 12:47:19,637 - DEBUG - STREAM b'IHDR' 16 13
2025-03-30 12:47:19,637 - DEBUG - STREAM b'pHYs' 41 9
2025-03-30 12:47:19,637 - DEBUG - STREAM b'sRGB' 62 1
2025-03-30 12:47:19,637 - DEBUG - STREAM b'gAMA' 75 4
2025-03-30 12:47:19,637 - DEBUG - STREAM b'IDAT' 91 404
2025-03-30 12:47:19,639 - DEBUG - STREAM b'IHDR' 16 13
2025-03-30 12:47:19,639 - DEBUG - STREAM b'pHYs' 41 9
2025-03-30 12:47:19,639 - DEBUG - STREAM b'sRGB' 62 1
2025-03-30 12:47:19,639 - DEBUG - STREAM b'gAMA' 75 4
2025-03-30 12:47:19,639 - DEBUG - STREAM b'IDAT' 91 171329
2025-03-30 12:47:26,815 - INFO - Acionar Saida 25
2025-03-30 12:47:39,819 - DEBUG - STREAM b'IHDR' 16 13
2025-03-30 12:47:39,819 - DEBUG - STREAM b'pHYs' 41 9
2025-03-30 12:47:39,819 - DEBUG - STREAM b'sRGB' 62 1
2025-03-30 12:47:39,819 - DEBUG - STREAM b'gAMA' 75 4
2025-03-30 12:47:39,819 - DEBUG - STREAM b'IDAT' 91 2264
2025-03-30 12:47:39,820 - DEBUG - STREAM b'IHDR' 16 13
2025-03-30 12:47:39,820 - DEBUG - STREAM b'pHYs' 41 9
2025-03-30 12:47:39,820 - DEBUG - STREAM b'sRGB' 62 1
2025-03-30 12:47:39,820 - DEBUG - STREAM b'gAMA' 75 4
2025-03-30 12:47:39,820 - DEBUG - STREAM b'IDAT' 91 404
2025-03-30 12:47:39,821 - DEBUG - STREAM b'IHDR' 16 13
2025-03-30 12:47:39,821 - DEBUG - STREAM b'pHYs' 41 9
2025-03-30 12:47:39,821 - DEBUG - STREAM b'sRGB' 62 1
2025-03-30 12:47:39,821 - DEBUG - STREAM b'gAMA' 75 4
2025-03-30 12:47:39,821 - DEBUG - STREAM b'IDAT' 91 171329
2025-03-30 12:47:39,835 - DEBUG - STREAM b'IHDR' 16 13
2025-03-30 12:47:39,835 - DEBUG - STREAM b'pHYs' 41 9
2025-03-30 12:47:39,835 - DEBUG - STREAM b'sRGB' 62 1
2025-03-30 12:47:39,835 - DEBUG - STREAM b'gAMA' 75 4
2025-03-30 12:47:39,835 - DEBUG - STREAM b'IDAT' 91 172
2025-03-30 12:47:39,836 - DEBUG - STREAM b'IHDR' 16 13
2025-03-30 12:47:39,836 - DEBUG - STREAM b'pHYs' 41 9
2025-03-30 12:47:39,836 - DEBUG - STREAM b'sRGB' 62 1
2025-03-30 12:47:39,836 - DEBUG - STREAM b'gAMA' 75 4
2025-03-30 12:47:39,836 - DEBUG - STREAM b'IDAT' 91 232
2025-03-30 12:47:39,836 - DEBUG - STREAM b'IHDR' 16 13
2025-03-30 12:47:39,836 - DEBUG - STREAM b'pHYs' 41 9
2025-03-30 12:47:39,836 - DEBUG - STREAM b'sRGB' 62 1
2025-03-30 12:47:39,836 - DEBUG - STREAM b'gAMA' 75 4
2025-03-30 12:47:39,836 - DEBUG - STREAM b'IDAT' 91 2264
2025-03-30 12:47:39,837 - DEBUG - STREAM b'IHDR' 16 13
2025-03-30 12:47:39,837 - DEBUG - STREAM b'pHYs' 41 9
2025-03-30 12:47:39,837 - DEBUG - STREAM b'sRGB' 62 1
2025-03-30 12:47:39,837 - DEBUG - STREAM b'gAMA' 75 4
2025-03-30 12:47:39,837 - DEBUG - STREAM b'IDAT' 91 404
2025-03-30 12:47:39,838 - DEBUG - STREAM b'IHDR' 16 13
2025-03-30 12:47:39,838 - DEBUG - STREAM b'pHYs' 41 9
2025-03-30 12:47:39,838 - DEBUG - STREAM b'sRGB' 62 1
2025-03-30 12:47:39,838 - DEBUG - STREAM b'gAMA' 75 4
2025-03-30 12:47:39,838 - DEBUG - STREAM b'IDAT' 91 1267
2025-03-30 12:47:39,839 - DEBUG - STREAM b'IHDR' 16 13
2025-03-30 12:47:39,839 - DEBUG - STREAM b'pHYs' 41 9
2025-03-30 12:47:39,839 - DEBUG - STREAM b'sRGB' 62 1
2025-03-30 12:47:39,839 - DEBUG - STREAM b'gAMA' 75 4
2025-03-30 12:47:39,839 - DEBUG - STREAM b'IDAT' 91 282763
2025-03-30 12:47:43,905 - INFO - Imagem carregada: ./assets/images/security-camera-images/a1.png
2025-03-30 12:47:43,908 - INFO - Imagem carregada: ./assets/images/security-camera-images/48.png
2025-03-30 12:47:43,912 - INFO - Imagem carregada: ./assets/images/security-camera-images/a3.png
2025-03-30 12:47:43,914 - INFO - Imagem carregada: ./assets/images/security-camera-images/49.png
2025-03-30 12:47:43,918 - INFO - Imagem carregada: ./assets/images/security-camera-images/a2.png
2025-03-30 12:47:43,921 - INFO - Imagem carregada: ./assets/images/security-camera-images/8.png
2025-03-30 12:47:43,924 - INFO - Imagem carregada: ./assets/images/security-camera-images/9.png
2025-03-30 12:47:43,928 - INFO - Imagem carregada: ./assets/images/security-camera-images/14.png
2025-03-30 12:47:43,931 - INFO - Imagem carregada: ./assets/images/security-camera-images/28.png
2025-03-30 12:47:43,935 - INFO - Imagem carregada: ./assets/images/security-camera-images/29.png
2025-03-30 12:47:43,937 - INFO - Imagem carregada: ./assets/images/security-camera-images/15.png
2025-03-30 12:47:43,940 - INFO - Imagem carregada: ./assets/images/security-camera-images/17.png
2025-03-30 12:47:43,942 - INFO - Imagem carregada: ./assets/images/security-camera-images/16.png
2025-03-30 12:47:43,945 - INFO - Imagem carregada: ./assets/images/security-camera-images/12.png
2025-03-30 12:47:43,947 - INFO - Imagem carregada: ./assets/images/security-camera-images/13.png
2025-03-30 12:47:43,950 - INFO - Imagem carregada: ./assets/images/security-camera-images/39.png
2025-03-30 12:47:43,952 - INFO - Imagem carregada: ./assets/images/security-camera-images/11.png
2025-03-30 12:47:43,954 - INFO - Imagem carregada: ./assets/images/security-camera-images/10.png
2025-03-30 12:47:43,957 - INFO - Imagem carregada: ./assets/images/security-camera-images/38.png
2025-03-30 12:47:43,959 - INFO - Imagem carregada: ./assets/images/security-camera-images/35.png
2025-03-30 12:47:43,961 - INFO - Imagem carregada: ./assets/images/security-camera-images/21.png
2025-03-30 12:47:43,963 - INFO - Imagem carregada: ./assets/images/security-camera-images/20.png
2025-03-30 12:47:43,965 - INFO - Imagem carregada: ./assets/images/security-camera-images/34.png
2025-03-30 12:47:43,967 - INFO - Imagem carregada: ./assets/images/security-camera-images/22.png
2025-03-30 12:47:43,969 - INFO - Imagem carregada: ./assets/images/security-camera-images/36.png
2025-03-30 12:47:43,972 - INFO - Imagem carregada: ./assets/images/security-camera-images/37.png
2025-03-30 12:47:43,974 - INFO - Imagem carregada: ./assets/images/security-camera-images/23.png
2025-03-30 12:47:43,976 - INFO - Imagem carregada: ./assets/images/security-camera-images/27.png
2025-03-30 12:47:43,978 - INFO - Imagem carregada: ./assets/images/security-camera-images/33.png
2025-03-30 12:47:43,980 - INFO - Imagem carregada: ./assets/images/security-camera-images/32.png
2025-03-30 12:47:43,982 - INFO - Imagem carregada: ./assets/images/security-camera-images/26.png
2025-03-30 12:47:43,984 - INFO - Imagem carregada: ./assets/images/security-camera-images/18.png
2025-03-30 12:47:43,986 - INFO - Imagem carregada: ./assets/images/security-camera-images/30.png
2025-03-30 12:47:43,989 - INFO - Imagem carregada: ./assets/images/security-camera-images/24.png
2025-03-30 12:47:43,991 - INFO - Imagem carregada: ./assets/images/security-camera-images/25.png
2025-03-30 12:47:43,993 - INFO - Imagem carregada: ./assets/images/security-camera-images/31.png
2025-03-30 12:47:43,995 - INFO - Imagem carregada: ./assets/images/security-camera-images/19.png
2025-03-30 12:47:43,997 - INFO - Imagem carregada: ./assets/images/security-camera-images/4.png
2025-03-30 12:47:43,999 - INFO - Imagem carregada: ./assets/images/security-camera-images/42.png
2025-03-30 12:47:44,001 - INFO - Imagem carregada: ./assets/images/security-camera-images/43.png
2025-03-30 12:47:44,003 - INFO - Imagem carregada: ./assets/images/security-camera-images/5.png
2025-03-30 12:47:44,005 - INFO - Imagem carregada: ./assets/images/security-camera-images/41.png
2025-03-30 12:47:44,007 - INFO - Imagem carregada: ./assets/images/security-camera-images/7.png
2025-03-30 12:47:44,009 - INFO - Imagem carregada: ./assets/images/security-camera-images/6.png
2025-03-30 12:47:44,011 - INFO - Imagem carregada: ./assets/images/security-camera-images/40.png
2025-03-30 12:47:44,013 - INFO - Imagem carregada: ./assets/images/security-camera-images/44.png
2025-03-30 12:47:44,016 - INFO - Imagem carregada: ./assets/images/security-camera-images/3.png
2025-03-30 12:47:44,017 - INFO - Imagem carregada: ./assets/images/security-camera-images/51.png
2025-03-30 12:47:44,019 - INFO - Imagem carregada: ./assets/images/security-camera-images/1.png
2025-03-30 12:47:44,020 - INFO - Imagem carregada: ./assets/images/security-camera-images/46.png
2025-03-30 12:47:45,769 - DEBUG - STREAM b'IHDR' 16 13
2025-03-30 12:47:45,769 - DEBUG - STREAM b'pHYs' 41 9
2025-03-30 12:47:45,769 - DEBUG - STREAM b'sRGB' 62 1
2025-03-30 12:47:45,769 - DEBUG - STREAM b'gAMA' 75 4
2025-03-30 12:47:45,769 - DEBUG - STREAM b'IDAT' 91 2264
2025-03-30 12:47:45,826 - DEBUG - STREAM b'IHDR' 16 13
2025-03-30 12:47:45,826 - DEBUG - STREAM b'pHYs' 41 9
2025-03-30 12:47:45,826 - DEBUG - STREAM b'sRGB' 62 1
2025-03-30 12:47:45,826 - DEBUG - STREAM b'gAMA' 75 4
2025-03-30 12:47:45,826 - DEBUG - STREAM b'IDAT' 91 404
2025-03-30 12:47:45,828 - DEBUG - STREAM b'IHDR' 16 13
2025-03-30 12:47:45,829 - DEBUG - STREAM b'pHYs' 41 9
2025-03-30 12:47:45,829 - DEBUG - STREAM b'sRGB' 62 1
2025-03-30 12:47:45,829 - DEBUG - STREAM b'gAMA' 75 4
2025-03-30 12:47:45,829 - DEBUG - STREAM b'IDAT' 91 536
2025-03-30 12:47:46,240 - DEBUG - STREAM b'IHDR' 16 13
2025-03-30 12:47:46,240 - DEBUG - STREAM b'pHYs' 41 9
2025-03-30 12:47:46,240 - DEBUG - STREAM b'sRGB' 62 1
2025-03-30 12:47:46,240 - DEBUG - STREAM b'gAMA' 75 4
2025-03-30 12:47:46,240 - DEBUG - STREAM b'IDAT' 91 536
2025-03-30 12:47:46,583 - DEBUG - STREAM b'IHDR' 16 13
2025-03-30 12:47:46,583 - DEBUG - STREAM b'pHYs' 41 9
2025-03-30 12:47:46,583 - DEBUG - STREAM b'sRGB' 62 1
2025-03-30 12:47:46,583 - DEBUG - STREAM b'gAMA' 75 4
2025-03-30 12:47:46,583 - DEBUG - STREAM b'IDAT' 91 1893
2025-03-30 12:48:07,203 - DEBUG - STREAM b'IHDR' 16 13
2025-03-30 12:48:07,204 - DEBUG - STREAM b'pHYs' 41 9
2025-03-30 12:48:07,204 - DEBUG - STREAM b'sRGB' 62 1
2025-03-30 12:48:07,204 - DEBUG - STREAM b'gAMA' 75 4
2025-03-30 12:48:07,204 - DEBUG - STREAM b'IDAT' 91 2264
2025-03-30 12:48:07,206 - DEBUG - STREAM b'IHDR' 16 13
2025-03-30 12:48:07,206 - DEBUG - STREAM b'pHYs' 41 9
2025-03-30 12:48:07,206 - DEBUG - STREAM b'sRGB' 62 1
2025-03-30 12:48:07,206 - DEBUG - STREAM b'gAMA' 75 4
2025-03-30 12:48:07,206 - DEBUG - STREAM b'IDAT' 91 404
2025-03-30 12:48:07,208 - DEBUG - STREAM b'IHDR' 16 13
2025-03-30 12:48:07,208 - DEBUG - STREAM b'pHYs' 41 9
2025-03-30 12:48:07,208 - DEBUG - STREAM b'tEXt' 62 25
2025-03-30 12:48:07,208 - DEBUG - STREAM b'IDAT' 99 7804
2025-03-30 12:48:07,215 - DEBUG - STREAM b'IHDR' 16 13
2025-03-30 12:48:07,215 - DEBUG - STREAM b'pHYs' 41 9
2025-03-30 12:48:07,215 - DEBUG - STREAM b'sRGB' 62 1
2025-03-30 12:48:07,215 - DEBUG - STREAM b'gAMA' 75 4
2025-03-30 12:48:07,215 - DEBUG - STREAM b'IDAT' 91 282763
2025-03-30 12:48:07,484 - DEBUG - Starting new HTTPS connection (1): api.popgas.com.br:443
2025-03-30 12:48:09,137 - DEBUG - https://api.popgas.com.br:443 "POST /vending-machine-orders HTTP/1.1" 500 83
2025-03-30 12:49:44,959 - INFO - Acionar Saida 8
2025-03-30 12:49:46,217 - DEBUG - STREAM b'IHDR' 16 13
2025-03-30 12:49:46,218 - DEBUG - STREAM b'pHYs' 41 9
2025-03-30 12:49:46,218 - DEBUG - STREAM b'sRGB' 62 1
2025-03-30 12:49:46,218 - DEBUG - STREAM b'gAMA' 75 4
2025-03-30 12:49:46,218 - DEBUG - STREAM b'IDAT' 91 2264
2025-03-30 12:49:46,219 - DEBUG - STREAM b'IHDR' 16 13
2025-03-30 12:49:46,219 - DEBUG - STREAM b'pHYs' 41 9
2025-03-30 12:49:46,219 - DEBUG - STREAM b'sRGB' 62 1
2025-03-30 12:49:46,219 - DEBUG - STREAM b'gAMA' 75 4
2025-03-30 12:49:46,219 - DEBUG - STREAM b'IDAT' 91 404
2025-03-30 12:49:46,221 - DEBUG - STREAM b'IHDR' 16 13
2025-03-30 12:49:46,221 - DEBUG - STREAM b'pHYs' 41 9
2025-03-30 12:49:46,221 - DEBUG - STREAM b'sRGB' 62 1
2025-03-30 12:49:46,221 - DEBUG - STREAM b'gAMA' 75 4
2025-03-30 12:49:46,221 - DEBUG - STREAM b'IDAT' 91 171329
2025-03-30 12:49:53,413 - INFO - Acionar Saida 25
2025-03-30 12:50:06,417 - DEBUG - STREAM b'IHDR' 16 13
2025-03-30 12:50:06,417 - DEBUG - STREAM b'pHYs' 41 9
2025-03-30 12:50:06,418 - DEBUG - STREAM b'sRGB' 62 1
2025-03-30 12:50:06,418 - DEBUG - STREAM b'gAMA' 75 4
2025-03-30 12:50:06,418 - DEBUG - STREAM b'IDAT' 91 2264
2025-03-30 12:50:06,418 - DEBUG - STREAM b'IHDR' 16 13
2025-03-30 12:50:06,418 - DEBUG - STREAM b'pHYs' 41 9
2025-03-30 12:50:06,419 - DEBUG - STREAM b'sRGB' 62 1
2025-03-30 12:50:06,419 - DEBUG - STREAM b'gAMA' 75 4
2025-03-30 12:50:06,419 - DEBUG - STREAM b'IDAT' 91 404
2025-03-30 12:50:06,419 - DEBUG - STREAM b'IHDR' 16 13
2025-03-30 12:50:06,420 - DEBUG - STREAM b'pHYs' 41 9
2025-03-30 12:50:06,420 - DEBUG - STREAM b'sRGB' 62 1
2025-03-30 12:50:06,420 - DEBUG - STREAM b'gAMA' 75 4
2025-03-30 12:50:06,420 - DEBUG - STREAM b'IDAT' 91 171329
2025-03-30 12:50:06,433 - DEBUG - STREAM b'IHDR' 16 13
2025-03-30 12:50:06,433 - DEBUG - STREAM b'pHYs' 41 9
2025-03-30 12:50:06,433 - DEBUG - STREAM b'sRGB' 62 1
2025-03-30 12:50:06,433 - DEBUG - STREAM b'gAMA' 75 4
2025-03-30 12:50:06,433 - DEBUG - STREAM b'IDAT' 91 172
2025-03-30 12:50:06,433 - DEBUG - STREAM b'IHDR' 16 13
2025-03-30 12:50:06,433 - DEBUG - STREAM b'pHYs' 41 9
2025-03-30 12:50:06,434 - DEBUG - STREAM b'sRGB' 62 1
2025-03-30 12:50:06,434 - DEBUG - STREAM b'gAMA' 75 4
2025-03-30 12:50:06,434 - DEBUG - STREAM b'IDAT' 91 232
2025-03-30 12:50:06,438 - DEBUG - STREAM b'IHDR' 16 13
2025-03-30 12:50:06,438 - DEBUG - STREAM b'pHYs' 41 9
2025-03-30 12:50:06,438 - DEBUG - STREAM b'sRGB' 62 1
2025-03-30 12:50:06,438 - DEBUG - STREAM b'gAMA' 75 4
2025-03-30 12:50:06,438 - DEBUG - STREAM b'IDAT' 91 2264
2025-03-30 12:50:06,438 - DEBUG - STREAM b'IHDR' 16 13
2025-03-30 12:50:06,438 - DEBUG - STREAM b'pHYs' 41 9
2025-03-30 12:50:06,438 - DEBUG - STREAM b'sRGB' 62 1
2025-03-30 12:50:06,438 - DEBUG - STREAM b'gAMA' 75 4
2025-03-30 12:50:06,438 - DEBUG - STREAM b'IDAT' 91 404
2025-03-30 12:50:06,440 - DEBUG - STREAM b'IHDR' 16 13
2025-03-30 12:50:06,440 - DEBUG - STREAM b'pHYs' 41 9
2025-03-30 12:50:06,440 - DEBUG - STREAM b'sRGB' 62 1
2025-03-30 12:50:06,440 - DEBUG - STREAM b'gAMA' 75 4
2025-03-30 12:50:06,440 - DEBUG - STREAM b'IDAT' 91 282763
2025-03-30 12:50:10,505 - INFO - Imagem carregada: ./assets/images/security-camera-images/a1.png
2025-03-30 12:50:10,507 - INFO - Imagem carregada: ./assets/images/security-camera-images/48.png
2025-03-30 12:50:10,509 - INFO - Imagem carregada: ./assets/images/security-camera-images/a3.png
2025-03-30 12:50:10,511 - INFO - Imagem carregada: ./assets/images/security-camera-images/49.png
2025-03-30 12:50:10,513 - INFO - Imagem carregada: ./assets/images/security-camera-images/a2.png
2025-03-30 12:50:10,516 - INFO - Imagem carregada: ./assets/images/security-camera-images/8.png
2025-03-30 12:50:10,518 - INFO - Imagem carregada: ./assets/images/security-camera-images/9.png
2025-03-30 12:50:10,521 - INFO - Imagem carregada: ./assets/images/security-camera-images/14.png
2025-03-30 12:50:10,523 - INFO - Imagem carregada: ./assets/images/security-camera-images/28.png
2025-03-30 12:50:10,525 - INFO - Imagem carregada: ./assets/images/security-camera-images/29.png
2025-03-30 12:50:10,528 - INFO - Imagem carregada: ./assets/images/security-camera-images/15.png
2025-03-30 12:50:10,530 - INFO - Imagem carregada: ./assets/images/security-camera-images/17.png
2025-03-30 12:50:10,532 - INFO - Imagem carregada: ./assets/images/security-camera-images/16.png
2025-03-30 12:50:10,534 - INFO - Imagem carregada: ./assets/images/security-camera-images/12.png
2025-03-30 12:50:10,536 - INFO - Imagem carregada: ./assets/images/security-camera-images/13.png
2025-03-30 12:50:10,538 - INFO - Imagem carregada: ./assets/images/security-camera-images/39.png
2025-03-30 12:50:10,540 - INFO - Imagem carregada: ./assets/images/security-camera-images/11.png
2025-03-30 12:50:10,542 - INFO - Imagem carregada: ./assets/images/security-camera-images/10.png
2025-03-30 12:50:10,544 - INFO - Imagem carregada: ./assets/images/security-camera-images/38.png
2025-03-30 12:50:10,546 - INFO - Imagem carregada: ./assets/images/security-camera-images/35.png
2025-03-30 12:50:10,548 - INFO - Imagem carregada: ./assets/images/security-camera-images/21.png
2025-03-30 12:50:10,550 - INFO - Imagem carregada: ./assets/images/security-camera-images/20.png
2025-03-30 12:50:10,552 - INFO - Imagem carregada: ./assets/images/security-camera-images/34.png
2025-03-30 12:50:10,555 - INFO - Imagem carregada: ./assets/images/security-camera-images/22.png
2025-03-30 12:50:10,557 - INFO - Imagem carregada: ./assets/images/security-camera-images/36.png
2025-03-30 12:50:10,559 - INFO - Imagem carregada: ./assets/images/security-camera-images/37.png
2025-03-30 12:50:10,561 - INFO - Imagem carregada: ./assets/images/security-camera-images/23.png
2025-03-30 12:50:10,563 - INFO - Imagem carregada: ./assets/images/security-camera-images/27.png
2025-03-30 12:50:10,565 - INFO - Imagem carregada: ./assets/images/security-camera-images/33.png
2025-03-30 12:50:10,567 - INFO - Imagem carregada: ./assets/images/security-camera-images/32.png
2025-03-30 12:50:10,570 - INFO - Imagem carregada: ./assets/images/security-camera-images/26.png
2025-03-30 12:50:10,572 - INFO - Imagem carregada: ./assets/images/security-camera-images/18.png
2025-03-30 12:50:10,574 - INFO - Imagem carregada: ./assets/images/security-camera-images/30.png
2025-03-30 12:50:10,576 - INFO - Imagem carregada: ./assets/images/security-camera-images/24.png
2025-03-30 12:50:10,578 - INFO - Imagem carregada: ./assets/images/security-camera-images/25.png
2025-03-30 12:50:10,581 - INFO - Imagem carregada: ./assets/images/security-camera-images/31.png
2025-03-30 12:50:10,583 - INFO - Imagem carregada: ./assets/images/security-camera-images/19.png
2025-03-30 12:50:10,585 - INFO - Imagem carregada: ./assets/images/security-camera-images/4.png
2025-03-30 12:50:10,587 - INFO - Imagem carregada: ./assets/images/security-camera-images/42.png
2025-03-30 12:50:10,589 - INFO - Imagem carregada: ./assets/images/security-camera-images/43.png
2025-03-30 12:50:10,591 - INFO - Imagem carregada: ./assets/images/security-camera-images/5.png
2025-03-30 12:50:10,593 - INFO - Imagem carregada: ./assets/images/security-camera-images/41.png
2025-03-30 12:50:10,595 - INFO - Imagem carregada: ./assets/images/security-camera-images/7.png
2025-03-30 12:50:10,597 - INFO - Imagem carregada: ./assets/images/security-camera-images/6.png
2025-03-30 12:50:10,599 - INFO - Imagem carregada: ./assets/images/security-camera-images/40.png
2025-03-30 12:50:10,601 - INFO - Imagem carregada: ./assets/images/security-camera-images/44.png
2025-03-30 12:50:10,603 - INFO - Imagem carregada: ./assets/images/security-camera-images/3.png
2025-03-30 12:50:10,605 - INFO - Imagem carregada: ./assets/images/security-camera-images/51.png
2025-03-30 12:50:10,606 - INFO - Imagem carregada: ./assets/images/security-camera-images/1.png
2025-03-30 12:50:10,608 - INFO - Imagem carregada: ./assets/images/security-camera-images/46.png
2025-03-30 12:50:12,270 - DEBUG - STREAM b'IHDR' 16 13
2025-03-30 12:50:12,270 - DEBUG - STREAM b'pHYs' 41 9
2025-03-30 12:50:12,270 - DEBUG - STREAM b'sRGB' 62 1
2025-03-30 12:50:12,270 - DEBUG - STREAM b'gAMA' 75 4
2025-03-30 12:50:12,270 - DEBUG - STREAM b'IDAT' 91 2264
2025-03-30 12:50:12,297 - DEBUG - STREAM b'IHDR' 16 13
2025-03-30 12:50:12,297 - DEBUG - STREAM b'pHYs' 41 9
2025-03-30 12:50:12,297 - DEBUG - STREAM b'sRGB' 62 1
2025-03-30 12:50:12,297 - DEBUG - STREAM b'gAMA' 75 4
2025-03-30 12:50:12,297 - DEBUG - STREAM b'IDAT' 91 404
2025-03-30 12:50:12,300 - DEBUG - STREAM b'IHDR' 16 13
2025-03-30 12:50:12,300 - DEBUG - STREAM b'pHYs' 41 9
2025-03-30 12:50:12,300 - DEBUG - STREAM b'sRGB' 62 1
2025-03-30 12:50:12,300 - DEBUG - STREAM b'gAMA' 75 4
2025-03-30 12:50:12,300 - DEBUG - STREAM b'IDAT' 91 536
2025-03-30 12:50:12,302 - DEBUG - STREAM b'IHDR' 16 13
2025-03-30 12:50:12,302 - DEBUG - STREAM b'pHYs' 41 9
2025-03-30 12:50:12,302 - DEBUG - STREAM b'sRGB' 62 1
2025-03-30 12:50:12,302 - DEBUG - STREAM b'gAMA' 75 4
2025-03-30 12:50:12,302 - DEBUG - STREAM b'IDAT' 91 536
2025-03-30 12:50:12,304 - DEBUG - STREAM b'IHDR' 16 13
2025-03-30 12:50:12,304 - DEBUG - STREAM b'pHYs' 41 9
2025-03-30 12:50:12,304 - DEBUG - STREAM b'sRGB' 62 1
2025-03-30 12:50:12,304 - DEBUG - STREAM b'gAMA' 75 4
2025-03-30 12:50:12,304 - DEBUG - STREAM b'IDAT' 91 1893
2025-03-30 12:50:13,367 - DEBUG - STREAM b'IHDR' 16 13
2025-03-30 12:50:13,367 - DEBUG - STREAM b'pHYs' 41 9
2025-03-30 12:50:13,367 - DEBUG - STREAM b'sRGB' 62 1
2025-03-30 12:50:13,367 - DEBUG - STREAM b'gAMA' 75 4
2025-03-30 12:50:13,367 - DEBUG - STREAM b'IDAT' 91 2264
2025-03-30 12:50:13,368 - DEBUG - STREAM b'IHDR' 16 13
2025-03-30 12:50:13,368 - DEBUG - STREAM b'pHYs' 41 9
2025-03-30 12:50:13,368 - DEBUG - STREAM b'sRGB' 62 1
2025-03-30 12:50:13,368 - DEBUG - STREAM b'gAMA' 75 4
2025-03-30 12:50:13,368 - DEBUG - STREAM b'IDAT' 91 404
2025-03-30 12:50:13,369 - DEBUG - STREAM b'IHDR' 16 13
2025-03-30 12:50:13,369 - DEBUG - STREAM b'pHYs' 41 9
2025-03-30 12:50:13,369 - DEBUG - STREAM b'tEXt' 62 25
2025-03-30 12:50:13,369 - DEBUG - STREAM b'IDAT' 99 7804
2025-03-30 12:50:13,372 - DEBUG - STREAM b'IHDR' 16 13
2025-03-30 12:50:13,372 - DEBUG - STREAM b'pHYs' 41 9
2025-03-30 12:50:13,372 - DEBUG - STREAM b'sRGB' 62 1
2025-03-30 12:50:13,372 - DEBUG - STREAM b'gAMA' 75 4
2025-03-30 12:50:13,372 - DEBUG - STREAM b'IDAT' 91 282763
2025-03-30 12:50:13,632 - DEBUG - Starting new HTTPS connection (1): api.popgas.com.br:443
2025-03-30 12:50:15,011 - DEBUG - https://api.popgas.com.br:443 "POST /vending-machine-orders HTTP/1.1" 200 57
2025-03-30 12:50:15,016 - DEBUG - Starting new HTTPS connection (1): api.popgas.com.br:443
2025-03-30 12:50:15,519 - DEBUG - https://api.popgas.com.br:443 "GET /vending-machine-orders/01ab89f8-bebc-494a-aca8-e61776d24523 HTTP/1.1" 200 108
2025-03-30 12:50:18,532 - DEBUG - Starting new HTTPS connection (1): api.popgas.com.br:443
2025-03-30 12:50:19,108 - DEBUG - https://api.popgas.com.br:443 "GET /vending-machine-orders/01ab89f8-bebc-494a-aca8-e61776d24523 HTTP/1.1" 200 108
2025-03-30 12:50:22,113 - DEBUG - Starting new HTTPS connection (1): api.popgas.com.br:443
2025-03-30 12:50:22,804 - DEBUG - https://api.popgas.com.br:443 "GET /vending-machine-orders/01ab89f8-bebc-494a-aca8-e61776d24523 HTTP/1.1" 200 108
2025-03-30 12:50:25,813 - DEBUG - Starting new HTTPS connection (1): api.popgas.com.br:443
2025-03-30 12:50:26,375 - DEBUG - https://api.popgas.com.br:443 "GET /vending-machine-orders/01ab89f8-bebc-494a-aca8-e61776d24523 HTTP/1.1" 200 111
2025-03-30 12:50:26,398 - DEBUG - STREAM b'IHDR' 16 13
2025-03-30 12:50:26,399 - DEBUG - STREAM b'pHYs' 41 9
2025-03-30 12:50:26,399 - DEBUG - STREAM b'sRGB' 62 1
2025-03-30 12:50:26,399 - DEBUG - STREAM b'gAMA' 75 4
2025-03-30 12:50:26,399 - DEBUG - STREAM b'IDAT' 91 2264
2025-03-30 12:50:26,401 - DEBUG - STREAM b'IHDR' 16 13
2025-03-30 12:50:26,401 - DEBUG - STREAM b'pHYs' 41 9
2025-03-30 12:50:26,401 - DEBUG - STREAM b'sRGB' 62 1
2025-03-30 12:50:26,401 - DEBUG - STREAM b'gAMA' 75 4
2025-03-30 12:50:26,401 - DEBUG - STREAM b'IDAT' 91 404
2025-03-30 12:50:26,403 - DEBUG - STREAM b'IHDR' 16 13
2025-03-30 12:50:26,403 - DEBUG - STREAM b'pHYs' 41 9
2025-03-30 12:50:26,403 - DEBUG - STREAM b'tEXt' 62 25
2025-03-30 12:50:26,403 - DEBUG - STREAM b'IDAT' 99 7804
2025-03-30 12:50:26,409 - DEBUG - STREAM b'IHDR' 16 13
2025-03-30 12:50:26,409 - DEBUG - STREAM b'pHYs' 41 9
2025-03-30 12:50:26,409 - DEBUG - STREAM b'sRGB' 62 1
2025-03-30 12:50:26,409 - DEBUG - STREAM b'gAMA' 75 4
2025-03-30 12:50:26,409 - DEBUG - STREAM b'IDAT' 91 282763
2025-03-30 12:50:26,469 - DEBUG - STREAM b'IHDR' 16 13
2025-03-30 12:50:26,470 - DEBUG - STREAM b'pHYs' 41 9
2025-03-30 12:50:26,470 - DEBUG - STREAM b'sRGB' 62 1
2025-03-30 12:50:26,470 - DEBUG - STREAM b'gAMA' 75 4
2025-03-30 12:50:26,470 - DEBUG - STREAM b'IDAT' 91 2264
2025-03-30 12:50:26,470 - DEBUG - STREAM b'IHDR' 16 13
2025-03-30 12:50:26,470 - DEBUG - STREAM b'pHYs' 41 9
2025-03-30 12:50:26,470 - DEBUG - STREAM b'sRGB' 62 1
2025-03-30 12:50:26,470 - DEBUG - STREAM b'gAMA' 75 4
2025-03-30 12:50:26,470 - DEBUG - STREAM b'IDAT' 91 404
2025-03-30 12:50:26,472 - DEBUG - STREAM b'IHDR' 16 13
2025-03-30 12:50:26,472 - DEBUG - STREAM b'pHYs' 41 9
2025-03-30 12:50:26,472 - DEBUG - STREAM b'sRGB' 62 1
2025-03-30 12:50:26,472 - DEBUG - STREAM b'gAMA' 75 4
2025-03-30 12:50:26,472 - DEBUG - STREAM b'IDAT' 91 282763
2025-03-30 12:50:26,764 - INFO - Acionar Saida 24
2025-03-30 12:50:32,519 - INFO - Imagem carregada: ./assets/images/security-camera-images/a1.png
2025-03-30 12:50:32,520 - INFO - Imagem carregada: ./assets/images/security-camera-images/48.png
2025-03-30 12:50:32,523 - INFO - Imagem carregada: ./assets/images/security-camera-images/a3.png
2025-03-30 12:50:32,524 - INFO - Imagem carregada: ./assets/images/security-camera-images/49.png
2025-03-30 12:50:32,527 - INFO - Imagem carregada: ./assets/images/security-camera-images/a2.png
2025-03-30 12:50:32,529 - INFO - Imagem carregada: ./assets/images/security-camera-images/8.png
2025-03-30 12:50:32,532 - INFO - Imagem carregada: ./assets/images/security-camera-images/9.png
2025-03-30 12:50:32,534 - INFO - Imagem carregada: ./assets/images/security-camera-images/14.png
2025-03-30 12:50:32,536 - INFO - Imagem carregada: ./assets/images/security-camera-images/28.png
2025-03-30 12:50:32,539 - INFO - Imagem carregada: ./assets/images/security-camera-images/29.png
2025-03-30 12:50:32,541 - INFO - Imagem carregada: ./assets/images/security-camera-images/15.png
2025-03-30 12:50:32,543 - INFO - Imagem carregada: ./assets/images/security-camera-images/17.png
2025-03-30 12:50:32,545 - INFO - Imagem carregada: ./assets/images/security-camera-images/16.png
2025-03-30 12:50:32,547 - INFO - Imagem carregada: ./assets/images/security-camera-images/12.png
2025-03-30 12:50:32,549 - INFO - Imagem carregada: ./assets/images/security-camera-images/13.png
2025-03-30 12:50:32,551 - INFO - Imagem carregada: ./assets/images/security-camera-images/39.png
2025-03-30 12:50:32,553 - INFO - Imagem carregada: ./assets/images/security-camera-images/11.png
2025-03-30 12:50:32,555 - INFO - Imagem carregada: ./assets/images/security-camera-images/10.png
2025-03-30 12:50:32,557 - INFO - Imagem carregada: ./assets/images/security-camera-images/38.png
2025-03-30 12:50:32,559 - INFO - Imagem carregada: ./assets/images/security-camera-images/35.png
2025-03-30 12:50:32,561 - INFO - Imagem carregada: ./assets/images/security-camera-images/21.png
2025-03-30 12:50:32,563 - INFO - Imagem carregada: ./assets/images/security-camera-images/20.png
2025-03-30 12:50:32,565 - INFO - Imagem carregada: ./assets/images/security-camera-images/34.png
2025-03-30 12:50:32,568 - INFO - Imagem carregada: ./assets/images/security-camera-images/22.png
2025-03-30 12:50:32,570 - INFO - Imagem carregada: ./assets/images/security-camera-images/36.png
2025-03-30 12:50:32,572 - INFO - Imagem carregada: ./assets/images/security-camera-images/37.png
2025-03-30 12:50:32,574 - INFO - Imagem carregada: ./assets/images/security-camera-images/23.png
2025-03-30 12:50:32,576 - INFO - Imagem carregada: ./assets/images/security-camera-images/27.png
2025-03-30 12:50:32,578 - INFO - Imagem carregada: ./assets/images/security-camera-images/33.png
2025-03-30 12:50:32,580 - INFO - Imagem carregada: ./assets/images/security-camera-images/32.png
2025-03-30 12:50:32,582 - INFO - Imagem carregada: ./assets/images/security-camera-images/26.png
2025-03-30 12:50:32,584 - INFO - Imagem carregada: ./assets/images/security-camera-images/18.png
2025-03-30 12:50:32,586 - INFO - Imagem carregada: ./assets/images/security-camera-images/30.png
2025-03-30 12:50:32,589 - INFO - Imagem carregada: ./assets/images/security-camera-images/24.png
2025-03-30 12:50:32,591 - INFO - Imagem carregada: ./assets/images/security-camera-images/25.png
2025-03-30 12:50:32,593 - INFO - Imagem carregada: ./assets/images/security-camera-images/31.png
2025-03-30 12:50:32,595 - INFO - Imagem carregada: ./assets/images/security-camera-images/19.png
2025-03-30 12:50:32,597 - INFO - Imagem carregada: ./assets/images/security-camera-images/4.png
2025-03-30 12:50:32,599 - INFO - Imagem carregada: ./assets/images/security-camera-images/42.png
2025-03-30 12:50:32,601 - INFO - Imagem carregada: ./assets/images/security-camera-images/43.png
2025-03-30 12:50:32,603 - INFO - Imagem carregada: ./assets/images/security-camera-images/5.png
2025-03-30 12:50:32,605 - INFO - Imagem carregada: ./assets/images/security-camera-images/41.png
2025-03-30 12:50:32,607 - INFO - Imagem carregada: ./assets/images/security-camera-images/7.png
2025-03-30 12:50:32,609 - INFO - Imagem carregada: ./assets/images/security-camera-images/6.png
2025-03-30 12:50:32,612 - INFO - Imagem carregada: ./assets/images/security-camera-images/40.png
2025-03-30 12:50:32,614 - INFO - Imagem carregada: ./assets/images/security-camera-images/44.png
2025-03-30 12:50:32,615 - INFO - Imagem carregada: ./assets/images/security-camera-images/3.png
2025-03-30 12:50:32,617 - INFO - Imagem carregada: ./assets/images/security-camera-images/51.png
2025-03-30 12:50:32,619 - INFO - Imagem carregada: ./assets/images/security-camera-images/1.png
2025-03-30 12:50:32,620 - INFO - Imagem carregada: ./assets/images/security-camera-images/46.png
2025-03-30 12:50:39,196 - INFO - Acionar Saida 8
2025-03-30 12:50:44,197 - DEBUG - STREAM b'IHDR' 16 13
2025-03-30 12:50:44,197 - DEBUG - STREAM b'pHYs' 41 9
2025-03-30 12:50:44,197 - DEBUG - STREAM b'sRGB' 62 1
2025-03-30 12:50:44,197 - DEBUG - STREAM b'gAMA' 75 4
2025-03-30 12:50:44,197 - DEBUG - STREAM b'IDAT' 91 2264
2025-03-30 12:50:44,198 - DEBUG - STREAM b'IHDR' 16 13
2025-03-30 12:50:44,198 - DEBUG - STREAM b'pHYs' 41 9
2025-03-30 12:50:44,198 - DEBUG - STREAM b'sRGB' 62 1
2025-03-30 12:50:44,198 - DEBUG - STREAM b'gAMA' 75 4
2025-03-30 12:50:44,198 - DEBUG - STREAM b'IDAT' 91 404
2025-03-30 12:50:44,199 - DEBUG - STREAM b'IHDR' 16 13
2025-03-30 12:50:44,199 - DEBUG - STREAM b'sBIT' 41 4
2025-03-30 12:50:44,199 - DEBUG - b'sBIT' 41 4 (unknown)
2025-03-30 12:50:44,199 - DEBUG - STREAM b'pHYs' 57 9
2025-03-30 12:50:44,199 - DEBUG - STREAM b'tEXt' 78 25
2025-03-30 12:50:44,199 - DEBUG - STREAM b'IDAT' 115 8192
2025-03-30 12:50:44,207 - DEBUG - STREAM b'IHDR' 16 13
2025-03-30 12:50:44,207 - DEBUG - STREAM b'pHYs' 41 9
2025-03-30 12:50:44,207 - DEBUG - STREAM b'sRGB' 62 1
2025-03-30 12:50:44,207 - DEBUG - STREAM b'gAMA' 75 4
2025-03-30 12:50:44,207 - DEBUG - STREAM b'IDAT' 91 5459
2025-03-30 12:50:44,208 - DEBUG - STREAM b'IHDR' 16 13
2025-03-30 12:50:44,208 - DEBUG - STREAM b'pHYs' 41 9
2025-03-30 12:50:44,208 - DEBUG - STREAM b'sRGB' 62 1
2025-03-30 12:50:44,208 - DEBUG - STREAM b'gAMA' 75 4
2025-03-30 12:50:44,208 - DEBUG - STREAM b'IDAT' 91 5118
2025-03-30 12:50:44,209 - DEBUG - STREAM b'IHDR' 16 13
2025-03-30 12:50:44,209 - DEBUG - STREAM b'pHYs' 41 9
2025-03-30 12:50:44,209 - DEBUG - STREAM b'sRGB' 62 1
2025-03-30 12:50:44,209 - DEBUG - STREAM b'gAMA' 75 4
2025-03-30 12:50:44,209 - DEBUG - STREAM b'IDAT' 91 4591
2025-03-30 12:50:44,210 - DEBUG - STREAM b'IHDR' 16 13
2025-03-30 12:50:44,210 - DEBUG - STREAM b'pHYs' 41 9
2025-03-30 12:50:44,210 - DEBUG - STREAM b'sRGB' 62 1
2025-03-30 12:50:44,210 - DEBUG - STREAM b'gAMA' 75 4
2025-03-30 12:50:44,210 - DEBUG - STREAM b'IDAT' 91 5058
2025-03-30 12:50:44,211 - DEBUG - STREAM b'IHDR' 16 13
2025-03-30 12:50:44,211 - DEBUG - STREAM b'pHYs' 41 9
2025-03-30 12:50:44,211 - DEBUG - STREAM b'sRGB' 62 1
2025-03-30 12:50:44,211 - DEBUG - STREAM b'gAMA' 75 4
2025-03-30 12:50:44,211 - DEBUG - STREAM b'IDAT' 91 4808
2025-03-30 12:55:53,372 - DEBUG - STREAM b'IHDR' 16 13
2025-03-30 12:55:53,372 - DEBUG - STREAM b'pHYs' 41 9
2025-03-30 12:55:53,372 - DEBUG - STREAM b'sRGB' 62 1
2025-03-30 12:55:53,372 - DEBUG - STREAM b'gAMA' 75 4
2025-03-30 12:55:53,372 - DEBUG - STREAM b'IDAT' 91 2264
2025-03-30 12:55:53,374 - DEBUG - STREAM b'IHDR' 16 13
2025-03-30 12:55:53,374 - DEBUG - STREAM b'pHYs' 41 9
2025-03-30 12:55:53,374 - DEBUG - STREAM b'sRGB' 62 1
2025-03-30 12:55:53,374 - DEBUG - STREAM b'gAMA' 75 4
2025-03-30 12:55:53,374 - DEBUG - STREAM b'IDAT' 91 404
2025-03-30 12:55:53,374 - DEBUG - STREAM b'IHDR' 16 13
2025-03-30 12:55:53,375 - DEBUG - STREAM b'sBIT' 41 4
2025-03-30 12:55:53,375 - DEBUG - b'sBIT' 41 4 (unknown)
2025-03-30 12:55:53,375 - DEBUG - STREAM b'pHYs' 57 9
2025-03-30 12:55:53,375 - DEBUG - STREAM b'tEXt' 78 25
2025-03-30 12:55:53,375 - DEBUG - STREAM b'IDAT' 115 8192
2025-03-30 12:55:53,385 - DEBUG - STREAM b'IHDR' 16 13
2025-03-30 12:55:53,385 - DEBUG - STREAM b'pHYs' 41 9
2025-03-30 12:55:53,385 - DEBUG - STREAM b'sRGB' 62 1
2025-03-30 12:55:53,385 - DEBUG - STREAM b'gAMA' 75 4
2025-03-30 12:55:53,385 - DEBUG - STREAM b'IDAT' 91 5459
2025-03-30 12:55:53,386 - DEBUG - STREAM b'IHDR' 16 13
2025-03-30 12:55:53,386 - DEBUG - STREAM b'pHYs' 41 9
2025-03-30 12:55:53,386 - DEBUG - STREAM b'sRGB' 62 1
2025-03-30 12:55:53,386 - DEBUG - STREAM b'gAMA' 75 4
2025-03-30 12:55:53,386 - DEBUG - STREAM b'IDAT' 91 5118
2025-03-30 12:55:53,387 - DEBUG - STREAM b'IHDR' 16 13
2025-03-30 12:55:53,387 - DEBUG - STREAM b'pHYs' 41 9
2025-03-30 12:55:53,387 - DEBUG - STREAM b'sRGB' 62 1
2025-03-30 12:55:53,387 - DEBUG - STREAM b'gAMA' 75 4
2025-03-30 12:55:53,387 - DEBUG - STREAM b'IDAT' 91 4591
2025-03-30 12:55:53,388 - DEBUG - STREAM b'IHDR' 16 13
2025-03-30 12:55:53,388 - DEBUG - STREAM b'pHYs' 41 9
2025-03-30 12:55:53,388 - DEBUG - STREAM b'sRGB' 62 1
2025-03-30 12:55:53,388 - DEBUG - STREAM b'gAMA' 75 4
2025-03-30 12:55:53,388 - DEBUG - STREAM b'IDAT' 91 5058
2025-03-30 12:55:53,389 - DEBUG - STREAM b'IHDR' 16 13
2025-03-30 12:55:53,389 - DEBUG - STREAM b'pHYs' 41 9
2025-03-30 12:55:53,389 - DEBUG - STREAM b'sRGB' 62 1
2025-03-30 12:55:53,389 - DEBUG - STREAM b'gAMA' 75 4
2025-03-30 12:55:53,389 - DEBUG - STREAM b'IDAT' 91 4808
2025-03-30 12:55:53,393 - INFO - Acionar Saida 25
2025-03-30 12:56:03,395 - DEBUG - STREAM b'IHDR' 16 13
2025-03-30 12:56:03,395 - DEBUG - STREAM b'pHYs' 41 9
2025-03-30 12:56:03,395 - DEBUG - STREAM b'sRGB' 62 1
2025-03-30 12:56:03,395 - DEBUG - STREAM b'gAMA' 75 4
2025-03-30 12:56:03,395 - DEBUG - STREAM b'IDAT' 91 2264
2025-03-30 12:56:03,396 - DEBUG - STREAM b'IHDR' 16 13
2025-03-30 12:56:03,396 - DEBUG - STREAM b'pHYs' 41 9
2025-03-30 12:56:03,396 - DEBUG - STREAM b'sRGB' 62 1
2025-03-30 12:56:03,396 - DEBUG - STREAM b'gAMA' 75 4
2025-03-30 12:56:03,396 - DEBUG - STREAM b'IDAT' 91 404
